{"/Users/a.osipuk/GIT/gb_1756/src/components/Form/Form.tsx": {"path":"/Users/a.osipuk/GIT/gb_1756/src/components/Form/Form.tsx","statementMap":{"0":{"start":{"line":12,"column":35},"end":{"line":33,"column":1}},"1":{"start":{"line":13,"column":26},"end":{"line":13,"column":38}},"2":{"start":{"line":15,"column":21},"end":{"line":22,"column":3}},"3":{"start":{"line":16,"column":4},"end":{"line":16,"column":24}},"4":{"start":{"line":17,"column":4},"end":{"line":20,"column":7}},"5":{"start":{"line":21,"column":4},"end":{"line":21,"column":16}},"6":{"start":{"line":24,"column":2},"end":{"line":32,"column":4}},"7":{"start":{"line":26,"column":44},"end":{"line":26,"column":68}}},"fnMap":{"0":{"name":"(anonymous_0)","decl":{"start":{"line":12,"column":35},"end":{"line":12,"column":36}},"loc":{"start":{"line":12,"column":55},"end":{"line":33,"column":1}},"line":12},"1":{"name":"(anonymous_1)","decl":{"start":{"line":15,"column":21},"end":{"line":15,"column":22}},"loc":{"start":{"line":15,"column":63},"end":{"line":22,"column":3}},"line":15},"2":{"name":"(anonymous_2)","decl":{"start":{"line":26,"column":36},"end":{"line":26,"column":37}},"loc":{"start":{"line":26,"column":44},"end":{"line":26,"column":68}},"line":26}},"branchMap":{},"s":{"0":1,"1":2,"2":2,"3":0,"4":0,"5":0,"6":2,"7":0},"f":{"0":2,"1":0,"2":0},"b":{},"_coverageSchema":"1a1c01bbd47fc00a2c39e90264f33305004495a9","hash":"33e2042ffb955e5a0d74da2f2875e0a628d2b7db"}
}
